# JRE version: OpenJDK Runtime Environment Temurin-11.0.27+6 (11.0.27+6) (build 11.0.27+6)
# Java VM: OpenJDK 64-Bit Server VM Temurin-11.0.27+6 (11.0.27+6, mixed mode, tiered, compressed oops, g1 gc, windows-amd64)
Heap:
 garbage-first heap   total 262144K, used 141297K [0x00000000e0000000, 0x0000000100000000)
  region size 1024K, 110 young (112640K), 20 survivors (20480K)
 Metaspace       used 72864K, capacity 75204K, committed 75460K, reserved 319488K
  class space    used 9323K, capacity 10208K, committed 10240K, reserved 253952K
GC Heap History (16 events):
Event: 0.930 GC heap before
{Heap before GC invocations=0 (full 0):
 garbage-first heap   total 262144K, used 16384K [0x00000000e0000000, 0x0000000100000000)
  region size 1024K, 14 young (14336K), 0 survivors (0K)
 Metaspace       used 6822K, capacity 7001K, committed 7168K, reserved 262144K
  class space    used 575K, capacity 650K, committed 768K, reserved 253952K
}
Event: 0.937 GC heap after
{Heap after GC invocations=1 (full 0):
 garbage-first heap   total 262144K, used 7490K [0x00000000e0000000, 0x0000000100000000)
  region size 1024K, 2 young (2048K), 2 survivors (2048K)
 Metaspace       used 6822K, capacity 7001K, committed 7168K, reserved 262144K
  class space    used 575K, capacity 650K, committed 768K, reserved 253952K
}
Event: 5.434 GC heap before
{Heap before GC invocations=1 (full 0):
 garbage-first heap   total 262144K, used 105794K [0x00000000e0000000, 0x0000000100000000)
  region size 1024K, 98 young (100352K), 2 survivors (2048K)
 Metaspace       used 20641K, capacity 21049K, committed 21248K, reserved 274432K
  class space    used 2422K, capacity 2552K, committed 2560K, reserved 253952K
}
Event: 5.447 GC heap after
{Heap after GC invocations=2 (full 0):
 garbage-first heap   total 262144K, used 17118K [0x00000000e0000000, 0x0000000100000000)
  region size 1024K, 12 young (12288K), 12 survivors (12288K)
 Metaspace       used 20641K, capacity 21049K, committed 21248K, reserved 274432K
  class space    used 2422K, capacity 2552K, committed 2560K, reserved 253952K
}
Event: 6.062 GC heap before
{Heap before GC invocations=3 (full 0):
 garbage-first heap   total 262144K, used 43742K [0x00000000e0000000, 0x0000000100000000)
  region size 1024K, 39 young (39936K), 12 survivors (12288K)
 Metaspace       used 23078K, capacity 23655K, committed 23808K, reserved 276480K
  class space    used 2842K, capacity 3064K, committed 3072K, reserved 253952K
}
Event: 6.074 GC heap after
{Heap after GC invocations=4 (full 0):
 garbage-first heap   total 262144K, used 18681K [0x00000000e0000000, 0x0000000100000000)
  region size 1024K, 2 young (2048K), 2 survivors (2048K)
 Metaspace       used 23078K, capacity 23655K, committed 23808K, reserved 276480K
  class space    used 2842K, capacity 3064K, committed 3072K, reserved 253952K
}
Event: 7.144 GC heap before
{Heap before GC invocations=4 (full 0):
 garbage-first heap   total 262144K, used 85241K [0x00000000e0000000, 0x0000000100000000)
  region size 1024K, 67 young (68608K), 2 survivors (2048K)
 Metaspace       used 29682K, capacity 30433K, committed 30592K, reserved 280576K
  class space    used 3854K, capacity 4141K, committed 4224K, reserved 253952K
}
Event: 7.151 GC heap after
{Heap after GC invocations=5 (full 0):
 garbage-first heap   total 262144K, used 20682K [0x00000000e0000000, 0x0000000100000000)
  region size 1024K, 4 young (4096K), 4 survivors (4096K)
 Metaspace       used 29682K, capacity 30433K, committed 30592K, reserved 280576K
  class space    used 3854K, capacity 4141K, committed 4224K, reserved 253952K
}
Event: 7.811 GC heap before
{Heap before GC invocations=5 (full 0):
 garbage-first heap   total 262144K, used 56522K [0x00000000e0000000, 0x0000000100000000)
  region size 1024K, 40 young (40960K), 4 survivors (4096K)
 Metaspace       used 34665K, capacity 35454K, committed 35584K, reserved 284672K
  class space    used 4440K, capacity 4772K, committed 4864K, reserved 253952K
}
Event: 7.822 GC heap after
{Heap after GC invocations=6 (full 0):
 garbage-first heap   total 262144K, used 23088K [0x00000000e0000000, 0x0000000100000000)
  region size 1024K, 6 young (6144K), 6 survivors (6144K)
 Metaspace       used 34665K, capacity 35454K, committed 35584K, reserved 284672K
  class space    used 4440K, capacity 4772K, committed 4864K, reserved 253952K
}
Event: 9.888 GC heap before
{Heap before GC invocations=7 (full 0):
 garbage-first heap   total 262144K, used 142896K [0x00000000e0000000, 0x0000000100000000)
  region size 1024K, 120 young (122880K), 6 survivors (6144K)
 Metaspace       used 46577K, capacity 47636K, committed 47812K, reserved 296960K
  class space    used 5886K, capacity 6289K, committed 6400K, reserved 253952K
}
Event: 9.911 GC heap after
{Heap after GC invocations=8 (full 0):
 garbage-first heap   total 262144K, used 29136K [0x00000000e0000000, 0x0000000100000000)
  region size 1024K, 12 young (12288K), 12 survivors (12288K)
 Metaspace       used 46577K, capacity 47636K, committed 47812K, reserved 296960K
  class space    used 5886K, capacity 6289K, committed 6400K, reserved 253952K
}
Event: 13.960 GC heap before
{Heap before GC invocations=9 (full 0):
 garbage-first heap   total 262144K, used 170448K [0x00000000e0000000, 0x0000000100000000)
  region size 1024K, 150 young (153600K), 12 survivors (12288K)
 Metaspace       used 57808K, capacity 59545K, committed 59844K, reserved 307200K
  class space    used 7657K, capacity 8384K, committed 8448K, reserved 253952K
}
Event: 13.989 GC heap after
{Heap after GC invocations=10 (full 0):
 garbage-first heap   total 262144K, used 36576K [0x00000000e0000000, 0x0000000100000000)
  region size 1024K, 16 young (16384K), 16 survivors (16384K)
 Metaspace       used 57808K, capacity 59545K, committed 59844K, reserved 307200K
  class space    used 7657K, capacity 8384K, committed 8448K, reserved 253952K
}
Event: 17.793 GC heap before
{Heap before GC invocations=10 (full 0):
 garbage-first heap   total 262144K, used 175840K [0x00000000e0000000, 0x0000000100000000)
  region size 1024K, 153 young (156672K), 16 survivors (16384K)
 Metaspace       used 68701K, capacity 71005K, committed 71236K, reserved 315392K
  class space    used 8897K, capacity 9749K, committed 9856K, reserved 253952K
}
Event: 17.836 GC heap after
{Heap after GC invocations=11 (full 0):
 garbage-first heap   total 262144K, used 50161K [0x00000000e0000000, 0x0000000100000000)
  region size 1024K, 20 young (20480K), 20 survivors (20480K)
 Metaspace       used 68701K, capacity 71005K, committed 71236K, reserved 315392K
  class space    used 8897K, capacity 9749K, committed 9856K, reserved 253952K
}

