# JRE version: OpenJDK Runtime Environment Temurin-11.0.27+6 (11.0.27+6) (build 11.0.27+6)
# Java VM: OpenJDK 64-Bit Server VM Temurin-11.0.27+6 (11.0.27+6, mixed mode, tiered, compressed oops, g1 gc, windows-amd64)
Heap:
 garbage-first heap   total 131072K, used 90928K [0x00000000e0000000, 0x0000000100000000)
  region size 1024K, 38 young (38912K), 4 survivors (4096K)
 Metaspace       used 40412K, capacity 41555K, committed 41600K, reserved 1089536K
  class space    used 4529K, capacity 4989K, committed 4992K, reserved 1048576K
GC Heap History (20 events):
Event: 4.841 GC heap before
{Heap before GC invocations=4 (full 0):
 garbage-first heap   total 131072K, used 31074K [0x00000000e0000000, 0x0000000100000000)
  region size 1024K, 13 young (13312K), 4 survivors (4096K)
 Metaspace       used 20822K, capacity 21170K, committed 21296K, reserved 1069056K
  class space    used 2053K, capacity 2176K, committed 2176K, reserved 1048576K
}
Event: 4.847 GC heap after
{Heap after GC invocations=5 (full 0):
 garbage-first heap   total 131072K, used 24606K [0x00000000e0000000, 0x0000000100000000)
  region size 1024K, 2 young (2048K), 2 survivors (2048K)
 Metaspace       used 20822K, capacity 21170K, committed 21296K, reserved 1069056K
  class space    used 2053K, capacity 2176K, committed 2176K, reserved 1048576K
}
Event: 5.354 GC heap before
{Heap before GC invocations=6 (full 0):
 garbage-first heap   total 131072K, used 63518K [0x00000000e0000000, 0x0000000100000000)
  region size 1024K, 40 young (40960K), 2 survivors (2048K)
 Metaspace       used 22287K, capacity 22741K, committed 22912K, reserved 1069056K
  class space    used 2206K, capacity 2337K, committed 2432K, reserved 1048576K
}
Event: 5.359 GC heap after
{Heap after GC invocations=7 (full 0):
 garbage-first heap   total 131072K, used 26990K [0x00000000e0000000, 0x0000000100000000)
  region size 1024K, 4 young (4096K), 4 survivors (4096K)
 Metaspace       used 22287K, capacity 22741K, committed 22912K, reserved 1069056K
  class space    used 2206K, capacity 2337K, committed 2432K, reserved 1048576K
}
Event: 5.863 GC heap before
{Heap before GC invocations=7 (full 0):
 garbage-first heap   total 131072K, used 68974K [0x00000000e0000000, 0x0000000100000000)
  region size 1024K, 45 young (46080K), 4 survivors (4096K)
 Metaspace       used 24022K, capacity 24453K, committed 24576K, reserved 1071104K
  class space    used 2412K, capacity 2549K, committed 2560K, reserved 1048576K
}
Event: 5.872 GC heap after
{Heap after GC invocations=8 (full 0):
 garbage-first heap   total 131072K, used 30126K [0x00000000e0000000, 0x0000000100000000)
  region size 1024K, 6 young (6144K), 6 survivors (6144K)
 Metaspace       used 24022K, capacity 24453K, committed 24576K, reserved 1071104K
  class space    used 2412K, capacity 2549K, committed 2560K, reserved 1048576K
}
Event: 6.673 GC heap before
{Heap before GC invocations=8 (full 0):
 garbage-first heap   total 131072K, used 75182K [0x00000000e0000000, 0x0000000100000000)
  region size 1024K, 50 young (51200K), 6 survivors (6144K)
 Metaspace       used 27374K, capacity 28215K, committed 28416K, reserved 1075200K
  class space    used 2894K, capacity 3217K, committed 3328K, reserved 1048576K
}
Event: 6.685 GC heap after
{Heap after GC invocations=9 (full 0):
 garbage-first heap   total 131072K, used 34011K [0x00000000e0000000, 0x0000000100000000)
  region size 1024K, 7 young (7168K), 7 survivors (7168K)
 Metaspace       used 27374K, capacity 28215K, committed 28416K, reserved 1075200K
  class space    used 2894K, capacity 3217K, committed 3328K, reserved 1048576K
}
Event: 9.151 GC heap before
{Heap before GC invocations=9 (full 0):
 garbage-first heap   total 131072K, used 80091K [0x00000000e0000000, 0x0000000100000000)
  region size 1024K, 52 young (53248K), 7 survivors (7168K)
 Metaspace       used 29359K, capacity 30312K, committed 30464K, reserved 1077248K
  class space    used 3150K, capacity 3521K, committed 3584K, reserved 1048576K
}
Event: 9.165 GC heap after
{Heap after GC invocations=10 (full 0):
 garbage-first heap   total 131072K, used 38392K [0x00000000e0000000, 0x0000000100000000)
  region size 1024K, 5 young (5120K), 5 survivors (5120K)
 Metaspace       used 29359K, capacity 30312K, committed 30464K, reserved 1077248K
  class space    used 3150K, capacity 3521K, committed 3584K, reserved 1048576K
}
Event: 9.730 GC heap before
{Heap before GC invocations=10 (full 0):
 garbage-first heap   total 131072K, used 85496K [0x00000000e0000000, 0x0000000100000000)
  region size 1024K, 51 young (52224K), 5 survivors (5120K)
 Metaspace       used 31214K, capacity 32228K, committed 32512K, reserved 1077248K
  class space    used 3386K, capacity 3776K, committed 3840K, reserved 1048576K
}
Event: 9.739 GC heap after
{Heap after GC invocations=11 (full 0):
 garbage-first heap   total 131072K, used 41637K [0x00000000e0000000, 0x0000000100000000)
  region size 1024K, 4 young (4096K), 4 survivors (4096K)
 Metaspace       used 31214K, capacity 32228K, committed 32512K, reserved 1077248K
  class space    used 3386K, capacity 3776K, committed 3840K, reserved 1048576K
}
Event: 10.557 GC heap before
{Heap before GC invocations=11 (full 0):
 garbage-first heap   total 131072K, used 84645K [0x00000000e0000000, 0x0000000100000000)
  region size 1024K, 47 young (48128K), 4 survivors (4096K)
 Metaspace       used 34868K, capacity 35888K, committed 35968K, reserved 1081344K
  class space    used 3783K, capacity 4183K, committed 4224K, reserved 1048576K
}
Event: 10.570 GC heap after
{Heap after GC invocations=12 (full 0):
 garbage-first heap   total 131072K, used 46293K [0x00000000e0000000, 0x0000000100000000)
  region size 1024K, 7 young (7168K), 7 survivors (7168K)
 Metaspace       used 34868K, capacity 35888K, committed 35968K, reserved 1081344K
  class space    used 3783K, capacity 4183K, committed 4224K, reserved 1048576K
}
Event: 11.574 GC heap before
{Heap before GC invocations=13 (full 0):
 garbage-first heap   total 131072K, used 92373K [0x00000000e0000000, 0x0000000100000000)
  region size 1024K, 52 young (53248K), 7 survivors (7168K)
 Metaspace       used 37133K, capacity 38309K, committed 38400K, reserved 1083392K
  class space    used 4078K, capacity 4543K, committed 4608K, reserved 1048576K
}
Event: 11.589 GC heap after
{Heap after GC invocations=14 (full 0):
 garbage-first heap   total 131072K, used 50756K [0x00000000e0000000, 0x0000000100000000)
  region size 1024K, 5 young (5120K), 5 survivors (5120K)
 Metaspace       used 37133K, capacity 38309K, committed 38400K, reserved 1083392K
  class space    used 4078K, capacity 4543K, committed 4608K, reserved 1048576K
}
Event: 11.624 GC heap before
{Heap before GC invocations=14 (full 0):
 garbage-first heap   total 131072K, used 51780K [0x00000000e0000000, 0x0000000100000000)
  region size 1024K, 6 young (6144K), 5 survivors (5120K)
 Metaspace       used 37163K, capacity 38324K, committed 38400K, reserved 1083392K
  class space    used 4084K, capacity 4548K, committed 4608K, reserved 1048576K
}
Event: 11.633 GC heap after
{Heap after GC invocations=15 (full 0):
 garbage-first heap   total 131072K, used 49596K [0x00000000e0000000, 0x0000000100000000)
  region size 1024K, 1 young (1024K), 1 survivors (1024K)
 Metaspace       used 37163K, capacity 38324K, committed 38400K, reserved 1083392K
  class space    used 4084K, capacity 4548K, committed 4608K, reserved 1048576K
}
Event: 12.811 GC heap before
{Heap before GC invocations=15 (full 0):
 garbage-first heap   total 131072K, used 95676K [0x00000000e0000000, 0x0000000100000000)
  region size 1024K, 46 young (47104K), 1 survivors (1024K)
 Metaspace       used 38949K, capacity 40127K, committed 40448K, reserved 1085440K
  class space    used 4312K, capacity 4790K, committed 4864K, reserved 1048576K
}
Event: 12.816 GC heap after
{Heap after GC invocations=16 (full 0):
 garbage-first heap   total 131072K, used 52016K [0x00000000e0000000, 0x0000000100000000)
  region size 1024K, 4 young (4096K), 4 survivors (4096K)
 Metaspace       used 38949K, capacity 40127K, committed 40448K, reserved 1085440K
  class space    used 4312K, capacity 4790K, committed 4864K, reserved 1048576K
}

