# JRE version: OpenJDK Runtime Environment Temurin-11.0.27+6 (11.0.27+6) (build 11.0.27+6)
# Java VM: OpenJDK 64-Bit Server VM Temurin-11.0.27+6 (11.0.27+6, mixed mode, tiered, compressed oops, g1 gc, windows-amd64)
Heap:
 garbage-first heap   total 131072K, used 83208K [0x00000000e0000000, 0x0000000100000000)
  region size 1024K, 26 young (26624K), 4 survivors (4096K)
 Metaspace       used 45093K, capacity 46418K, committed 46512K, reserved 1089536K
  class space    used 5125K, capacity 5632K, committed 5632K, reserved 1048576K
GC Heap History (20 events):
Event: 4.924 GC heap before
{Heap before GC invocations=6 (full 0):
 garbage-first heap   total 131072K, used 62001K [0x00000000e0000000, 0x0000000100000000)
  region size 1024K, 44 young (45056K), 2 survivors (2048K)
 Metaspace       used 22471K, capacity 22839K, committed 23088K, reserved 1071104K
  class space    used 2224K, capacity 2371K, committed 2432K, reserved 1048576K
}
Event: 4.929 GC heap after
{Heap after GC invocations=7 (full 0):
 garbage-first heap   total 131072K, used 21818K [0x00000000e0000000, 0x0000000100000000)
  region size 1024K, 5 young (5120K), 5 survivors (5120K)
 Metaspace       used 22471K, capacity 22839K, committed 23088K, reserved 1071104K
  class space    used 2224K, capacity 2371K, committed 2432K, reserved 1048576K
}
Event: 5.737 GC heap before
{Heap before GC invocations=7 (full 0):
 garbage-first heap   total 131072K, used 70970K [0x00000000e0000000, 0x0000000100000000)
  region size 1024K, 53 young (54272K), 5 survivors (5120K)
 Metaspace       used 24818K, capacity 25286K, committed 25392K, reserved 1073152K
  class space    used 2523K, capacity 2683K, committed 2688K, reserved 1048576K
}
Event: 5.746 GC heap after
{Heap after GC invocations=8 (full 0):
 garbage-first heap   total 131072K, used 25456K [0x00000000e0000000, 0x0000000100000000)
  region size 1024K, 4 young (4096K), 4 survivors (4096K)
 Metaspace       used 24818K, capacity 25286K, committed 25392K, reserved 1073152K
  class space    used 2523K, capacity 2683K, committed 2688K, reserved 1048576K
}
Event: 7.097 GC heap before
{Heap before GC invocations=8 (full 0):
 garbage-first heap   total 131072K, used 77680K [0x00000000e0000000, 0x0000000100000000)
  region size 1024K, 55 young (56320K), 4 survivors (4096K)
 Metaspace       used 28324K, capacity 29336K, committed 29488K, reserved 1075200K
  class space    used 3019K, capacity 3362K, committed 3456K, reserved 1048576K
}
Event: 7.111 GC heap after
{Heap after GC invocations=9 (full 0):
 garbage-first heap   total 131072K, used 30946K [0x00000000e0000000, 0x0000000100000000)
  region size 1024K, 6 young (6144K), 6 survivors (6144K)
 Metaspace       used 28324K, capacity 29336K, committed 29488K, reserved 1075200K
  class space    used 3019K, capacity 3362K, committed 3456K, reserved 1048576K
}
Event: 9.305 GC heap before
{Heap before GC invocations=9 (full 0):
 garbage-first heap   total 131072K, used 82146K [0x00000000e0000000, 0x0000000100000000)
  region size 1024K, 56 young (57344K), 6 survivors (6144K)
 Metaspace       used 30285K, capacity 31312K, committed 31536K, reserved 1077248K
  class space    used 3288K, capacity 3666K, committed 3712K, reserved 1048576K
}
Event: 9.315 GC heap after
{Heap after GC invocations=10 (full 0):
 garbage-first heap   total 131072K, used 34745K [0x00000000e0000000, 0x0000000100000000)
  region size 1024K, 5 young (5120K), 5 survivors (5120K)
 Metaspace       used 30285K, capacity 31312K, committed 31536K, reserved 1077248K
  class space    used 3288K, capacity 3666K, committed 3712K, reserved 1048576K
}
Event: 9.915 GC heap before
{Heap before GC invocations=10 (full 0):
 garbage-first heap   total 131072K, used 86969K [0x00000000e0000000, 0x0000000100000000)
  region size 1024K, 56 young (57344K), 5 survivors (5120K)
 Metaspace       used 33719K, capacity 34789K, committed 34992K, reserved 1081344K
  class space    used 3675K, capacity 4076K, committed 4096K, reserved 1048576K
}
Event: 9.925 GC heap after
{Heap after GC invocations=11 (full 0):
 garbage-first heap   total 131072K, used 40278K [0x00000000e0000000, 0x0000000100000000)
  region size 1024K, 6 young (6144K), 6 survivors (6144K)
 Metaspace       used 33719K, capacity 34789K, committed 34992K, reserved 1081344K
  class space    used 3675K, capacity 4076K, committed 4096K, reserved 1048576K
}
Event: 9.978 GC heap before
{Heap before GC invocations=11 (full 0):
 garbage-first heap   total 131072K, used 41302K [0x00000000e0000000, 0x0000000100000000)
  region size 1024K, 8 young (8192K), 6 survivors (6144K)
 Metaspace       used 34487K, capacity 35525K, committed 35632K, reserved 1081344K
  class space    used 3752K, capacity 4172K, committed 4224K, reserved 1048576K
}
Event: 9.985 GC heap after
{Heap after GC invocations=12 (full 0):
 garbage-first heap   total 131072K, used 40919K [0x00000000e0000000, 0x0000000100000000)
  region size 1024K, 1 young (1024K), 1 survivors (1024K)
 Metaspace       used 34487K, capacity 35525K, committed 35632K, reserved 1081344K
  class space    used 3752K, capacity 4172K, committed 4224K, reserved 1048576K
}
Event: 10.638 GC heap before
{Heap before GC invocations=13 (full 0):
 garbage-first heap   total 131072K, used 95191K [0x00000000e0000000, 0x0000000100000000)
  region size 1024K, 54 young (55296K), 1 survivors (1024K)
 Metaspace       used 36916K, capacity 38088K, committed 38320K, reserved 1083392K
  class space    used 4075K, capacity 4493K, committed 4608K, reserved 1048576K
}
Event: 10.645 GC heap after
{Heap after GC invocations=14 (full 0):
 garbage-first heap   total 131072K, used 44852K [0x00000000e0000000, 0x0000000100000000)
  region size 1024K, 5 young (5120K), 5 survivors (5120K)
 Metaspace       used 36916K, capacity 38088K, committed 38320K, reserved 1083392K
  class space    used 4075K, capacity 4493K, committed 4608K, reserved 1048576K
}
Event: 11.740 GC heap before
{Heap before GC invocations=14 (full 0):
 garbage-first heap   total 131072K, used 98100K [0x00000000e0000000, 0x0000000100000000)
  region size 1024K, 57 young (58368K), 5 survivors (5120K)
 Metaspace       used 39015K, capacity 40244K, committed 40368K, reserved 1085440K
  class space    used 4341K, capacity 4811K, committed 4864K, reserved 1048576K
}
Event: 11.752 GC heap after
{Heap after GC invocations=15 (full 0):
 garbage-first heap   total 131072K, used 48757K [0x00000000e0000000, 0x0000000100000000)
  region size 1024K, 4 young (4096K), 4 survivors (4096K)
 Metaspace       used 39015K, capacity 40244K, committed 40368K, reserved 1085440K
  class space    used 4341K, capacity 4811K, committed 4864K, reserved 1048576K
}
Event: 14.985 GC heap before
{Heap before GC invocations=15 (full 0):
 garbage-first heap   total 131072K, used 104053K [0x00000000e0000000, 0x0000000100000000)
  region size 1024K, 54 young (55296K), 4 survivors (4096K)
 Metaspace       used 41141K, capacity 42387K, committed 42544K, reserved 1087488K
  class space    used 4650K, capacity 5141K, committed 5248K, reserved 1048576K
}
Event: 14.993 GC heap after
{Heap after GC invocations=16 (full 0):
 garbage-first heap   total 131072K, used 58021K [0x00000000e0000000, 0x0000000100000000)
  region size 1024K, 4 young (4096K), 4 survivors (4096K)
 Metaspace       used 41141K, capacity 42387K, committed 42544K, reserved 1087488K
  class space    used 4650K, capacity 5141K, committed 5248K, reserved 1048576K
}
Event: 17.017 GC heap before
{Heap before GC invocations=16 (full 0):
 garbage-first heap   total 131072K, used 104101K [0x00000000e0000000, 0x0000000100000000)
  region size 1024K, 49 young (50176K), 4 survivors (4096K)
 Metaspace       used 43663K, capacity 44973K, committed 45104K, reserved 1089536K
  class space    used 4969K, capacity 5493K, committed 5504K, reserved 1048576K
}
Event: 17.028 GC heap after
{Heap after GC invocations=17 (full 0):
 garbage-first heap   total 131072K, used 61704K [0x00000000e0000000, 0x0000000100000000)
  region size 1024K, 4 young (4096K), 4 survivors (4096K)
 Metaspace       used 43663K, capacity 44973K, committed 45104K, reserved 1089536K
  class space    used 4969K, capacity 5493K, committed 5504K, reserved 1048576K
}

